#
# There is insufficient memory for the Java Runtime Environment to continue.
# Native memory allocation (malloc) failed to allocate 172976 bytes for Chunk::new
# Possible reasons:
#   The system is out of physical RAM or swap space
#   In 32 bit mode, the process size limit was hit
# Possible solutions:
#   Reduce memory load on the system
#   Increase physical memory or swap space
#   Check if swap backing store is full
#   Use 64 bit Java on a 64 bit OS
#   Decrease Java heap size (-Xmx/-Xms)
#   Decrease number of Java threads
#   Decrease Java thread stack sizes (-Xss)
#   Set larger code cache with -XX:ReservedCodeCacheSize=
# This output file may be truncated or incomplete.
#
#  Out of Memory Error (allocation.cpp:328), pid=8240, tid=1268
#
# JRE version: 7.0_25-b17
# Java VM: Java HotSpot(TM) 64-Bit Server VM (23.25-b01 mixed mode windows-amd64 compressed oops)
# Failed to write core dump. Minidumps are not enabled by default on client versions of Windows
#

---------------  T H R E A D  ---------------

Current thread (0x0000000008bab000):  JavaThread "C2 CompilerThread1" daemon [_thread_in_native, id=1268, stack(0x000000000a260000,0x000000000a360000)]

Stack: [0x000000000a260000,0x000000000a360000]

Current CompileTask:
C2:  11312    4 % !         com.android.dx.cf.code.Ropper::doit @ 21 (126 bytes)


---------------  P R O C E S S  ---------------

Java Threads: ( => current thread )
  0x000000000a75a800 JavaThread "pool-1-thread-4" [_thread_in_Java, id=8252, stack(0x000000000ad60000,0x000000000ae60000)]
  0x000000000a759800 JavaThread "pool-1-thread-3" [_thread_in_Java, id=2164, stack(0x000000000ac60000,0x000000000ad60000)]
  0x000000000a71a800 JavaThread "pool-1-thread-2" [_thread_blocked, id=9340, stack(0x000000000ab60000,0x000000000ac60000)]
  0x000000000a71a000 JavaThread "pool-2-thread-1" [_thread_blocked, id=8036, stack(0x000000000aa60000,0x000000000ab60000)]
  0x000000000a5d5000 JavaThread "pool-1-thread-1" [_thread_in_Java, id=4236, stack(0x000000000a960000,0x000000000aa60000)]
  0x0000000008bb3000 JavaThread "Service Thread" daemon [_thread_blocked, id=1332, stack(0x000000000a360000,0x000000000a460000)]
=>0x0000000008bab000 JavaThread "C2 CompilerThread1" daemon [_thread_in_native, id=1268, stack(0x000000000a260000,0x000000000a360000)]
  0x0000000008ba1800 JavaThread "C2 CompilerThread0" daemon [_thread_blocked, id=1280, stack(0x000000000a160000,0x000000000a260000)]
  0x0000000008ba0800 JavaThread "Attach Listener" daemon [_thread_blocked, id=1360, stack(0x000000000a060000,0x000000000a160000)]
  0x0000000008b9d800 JavaThread "Signal Dispatcher" daemon [_thread_blocked, id=1228, stack(0x0000000009f60000,0x000000000a060000)]
  0x0000000008b39800 JavaThread "Finalizer" daemon [_thread_blocked, id=7420, stack(0x0000000009e60000,0x0000000009f60000)]
  0x0000000008b30800 JavaThread "Reference Handler" daemon [_thread_blocked, id=5608, stack(0x0000000009d60000,0x0000000009e60000)]
  0x00000000025d0800 JavaThread "main" [_thread_blocked, id=5224, stack(0x0000000002450000,0x0000000002550000)]

Other Threads:
  0x0000000008b28800 VMThread [stack: 0x0000000009c60000,0x0000000009d60000] [id=8732]
  0x0000000008bc0000 WatcherThread [stack: 0x000000000a460000,0x000000000a560000] [id=6396]

VM state:not at safepoint (normal execution)

VM Mutex/Monitor currently owned by a thread: None

Heap
 PSYoungGen      total 70016K, used 14825K [0x00000000eaab0000, 0x00000000ef450000, 0x0000000100000000)
  eden space 64640K, 14% used [0x00000000eaab0000,0x00000000eb3f1058,0x00000000ee9d0000)
  from space 5376K, 99% used [0x00000000eef10000,0x00000000ef449520,0x00000000ef450000)
  to   space 5376K, 0% used [0x00000000ee9d0000,0x00000000ee9d0000,0x00000000eef10000)
 ParOldGen       total 86144K, used 26163K [0x00000000c0000000, 0x00000000c5420000, 0x00000000eaab0000)
  object space 86144K, 30% used [0x00000000c0000000,0x00000000c198cd10,0x00000000c5420000)
 PSPermGen       total 21248K, used 6056K [0x00000000bae00000, 0x00000000bc2c0000, 0x00000000c0000000)
  object space 21248K, 28% used [0x00000000bae00000,0x00000000bb3ea0e0,0x00000000bc2c0000)

Card table byte_map: [0x0000000005790000,0x00000000059c0000] byte_map_base: 0x00000000051b9000

Polling page: 0x0000000000c10000

Code Cache  [0x00000000026d0000, 0x0000000002940000, 0x00000000056d0000)
 total_blobs=797 nmethods=562 adapters=186 free_code_cache=46819Kb largest_free_block=47801856

Compilation events (10 events):
Event: 11.190 Thread 0x0000000008bab000 nmethod 563 0x0000000002913150 code [0x00000000029132c0, 0x0000000002913658]
Event: 11.191 Thread 0x0000000008bab000    4 % !         com.android.dx.cf.code.Ropper::doit @ 21 (126 bytes)
Event: 11.280 Thread 0x0000000008ba1800 nmethod 562 0x000000000278d4d0 code [0x000000000278d700, 0x000000000278e540]
Event: 11.281 Thread 0x0000000008ba1800  564             com.android.dx.util.ByteArray::slice (30 bytes)
Event: 11.283 Thread 0x0000000008ba1800 nmethod 564 0x0000000002914c50 code [0x0000000002914da0, 0x0000000002914f38]
Event: 11.284 Thread 0x0000000008ba1800  565             java.util.RegularEnumSet::contains (57 bytes)
Event: 11.285 Thread 0x0000000008ba1800 nmethod 565 0x000000000292cfd0 code [0x000000000292d120, 0x000000000292d1f8]
Event: 11.286 Thread 0x0000000008ba1800  566             com.android.dx.rop.cst.TypedConstant::isConstant (2 bytes)
Event: 11.287 Thread 0x0000000008ba1800 nmethod 566 0x0000000002912f50 code [0x0000000002913080, 0x00000000029130d8]
Event: 11.292 Thread 0x0000000008ba1800  567             com.android.dx.rop.code.BasicBlockList::getRegCount (34 bytes)

GC Heap History (8 events):
Event: 3.235 GC heap before
{Heap before GC invocations=1 (full 0):
 PSYoungGen      total 37696K, used 32320K [0x00000000eaab0000, 0x00000000ed4c0000, 0x0000000100000000)
  eden space 32320K, 100% used [0x00000000eaab0000,0x00000000eca40000,0x00000000eca40000)
  from space 5376K, 0% used [0x00000000ecf80000,0x00000000ecf80000,0x00000000ed4c0000)
  to   space 5376K, 0% used [0x00000000eca40000,0x00000000eca40000,0x00000000ecf80000)
 ParOldGen       total 86144K, used 0K [0x00000000c0000000, 0x00000000c5420000, 0x00000000eaab0000)
  object space 86144K, 0% used [0x00000000c0000000,0x00000000c0000000,0x00000000c5420000)
 PSPermGen       total 21248K, used 5896K [0x00000000bae00000, 0x00000000bc2c0000, 0x00000000c0000000)
  object space 21248K, 27% used [0x00000000bae00000,0x00000000bb3c23e8,0x00000000bc2c0000)
Event: 3.738 GC heap after
Heap after GC invocations=1 (full 0):
 PSYoungGen      total 37696K, used 5348K [0x00000000eaab0000, 0x00000000ef450000, 0x0000000100000000)
  eden space 32320K, 0% used [0x00000000eaab0000,0x00000000eaab0000,0x00000000eca40000)
  from space 5376K, 99% used [0x00000000eca40000,0x00000000ecf792e8,0x00000000ecf80000)
  to   space 5376K, 0% used [0x00000000eef10000,0x00000000eef10000,0x00000000ef450000)
 ParOldGen       total 86144K, used 2158K [0x00000000c0000000, 0x00000000c5420000, 0x00000000eaab0000)
  object space 86144K, 2% used [0x00000000c0000000,0x00000000c021baf8,0x00000000c5420000)
 PSPermGen       total 21248K, used 5896K [0x00000000bae00000, 0x00000000bc2c0000, 0x00000000c0000000)
  object space 21248K, 27% used [0x00000000bae00000,0x00000000bb3c23e8,0x00000000bc2c0000)
}
Event: 5.601 GC heap before
{Heap before GC invocations=2 (full 0):
 PSYoungGen      total 37696K, used 37668K [0x00000000eaab0000, 0x00000000ef450000, 0x0000000100000000)
  eden space 32320K, 100% used [0x00000000eaab0000,0x00000000eca40000,0x00000000eca40000)
  from space 5376K, 99% used [0x00000000eca40000,0x00000000ecf792e8,0x00000000ecf80000)
  to   space 5376K, 0% used [0x00000000eef10000,0x00000000eef10000,0x00000000ef450000)
 ParOldGen       total 86144K, used 2158K [0x00000000c0000000, 0x00000000c5420000, 0x00000000eaab0000)
  object space 86144K, 2% used [0x00000000c0000000,0x00000000c021baf8,0x00000000c5420000)
 PSPermGen       total 21248K, used 5958K [0x00000000bae00000, 0x00000000bc2c0000, 0x00000000c0000000)
  object space 21248K, 28% used [0x00000000bae00000,0x00000000bb3d1978,0x00000000bc2c0000)
Event: 6.377 GC heap after
Heap after GC invocations=2 (full 0):
 PSYoungGen      total 70016K, used 5364K [0x00000000eaab0000, 0x00000000ef450000, 0x0000000100000000)
  eden space 64640K, 0% used [0x00000000eaab0000,0x00000000eaab0000,0x00000000ee9d0000)
  from space 5376K, 99% used [0x00000000eef10000,0x00000000ef44d2d8,0x00000000ef450000)
  to   space 5376K, 0% used [0x00000000ee9d0000,0x00000000ee9d0000,0x00000000eef10000)
 ParOldGen       total 86144K, used 6047K [0x00000000c0000000, 0x00000000c5420000, 0x00000000eaab0000)
  object space 86144K, 7% used [0x00000000c0000000,0x00000000c05e7d98,0x00000000c5420000)
 PSPermGen       total 21248K, used 5958K [0x00000000bae00000, 0x00000000bc2c0000, 0x00000000c0000000)
  object space 21248K, 28% used [0x00000000bae00000,0x00000000bb3d1978,0x00000000bc2c0000)
}
Event: 9.416 GC heap before
{Heap before GC invocations=3 (full 0):
 PSYoungGen      total 70016K, used 70004K [0x00000000eaab0000, 0x00000000ef450000, 0x0000000100000000)
  eden space 64640K, 100% used [0x00000000eaab0000,0x00000000ee9d0000,0x00000000ee9d0000)
  from space 5376K, 99% used [0x00000000eef10000,0x00000000ef44d2d8,0x00000000ef450000)
  to   space 5376K, 0% used [0x00000000ee9d0000,0x00000000ee9d0000,0x00000000eef10000)
 ParOldGen       total 86144K, used 6047K [0x00000000c0000000, 0x00000000c5420000, 0x00000000eaab0000)
  object space 86144K, 7% used [0x00000000c0000000,0x00000000c05e7d98,0x00000000c5420000)
 PSPermGen       total 21248K, used 6025K [0x00000000bae00000, 0x00000000bc2c0000, 0x00000000c0000000)
  object space 21248K, 28% used [0x00000000bae00000,0x00000000bb3e2620,0x00000000bc2c0000)
Event: 10.139 GC heap after
Heap after GC invocations=3 (full 0):
 PSYoungGen      total 70016K, used 5344K [0x00000000eaab0000, 0x00000000ef450000, 0x0000000100000000)
  eden space 64640K, 0% used [0x00000000eaab0000,0x00000000eaab0000,0x00000000ee9d0000)
  from space 5376K, 99% used [0x00000000ee9d0000,0x00000000eef08098,0x00000000eef10000)
  to   space 5376K, 0% used [0x00000000eef10000,0x00000000eef10000,0x00000000ef450000)
 ParOldGen       total 86144K, used 15401K [0x00000000c0000000, 0x00000000c5420000, 0x00000000eaab0000)
  object space 86144K, 17% used [0x00000000c0000000,0x00000000c0f0a790,0x00000000c5420000)
 PSPermGen       total 21248K, used 6025K [0x00000000bae00000, 0x00000000bc2c0000, 0x00000000c0000000)
  object space 21248K, 28% used [0x00000000bae00000,0x00000000bb3e2620,0x00000000bc2c0000)
}
Event: 11.207 GC heap before
{Heap before GC invocations=4 (full 0):
 PSYoungGen      total 70016K, used 69984K [0x00000000eaab0000, 0x00000000ef450000, 0x0000000100000000)
  eden space 64640K, 100% used [0x00000000eaab0000,0x00000000ee9d0000,0x00000000ee9d0000)
  from space 5376K, 99% used [0x00000000ee9d0000,0x00000000eef08098,0x00000000eef10000)
  to   space 5376K, 0% used [0x00000000eef10000,0x00000000eef10000,0x00000000ef450000)
 ParOldGen       total 86144K, used 15401K [0x00000000c0000000, 0x00000000c5420000, 0x00000000eaab0000)
  object space 86144K, 17% used [0x00000000c0000000,0x00000000c0f0a790,0x00000000c5420000)
 PSPermGen       total 21248K, used 6053K [0x00000000bae00000, 0x00000000bc2c0000, 0x00000000c0000000)
  object space 21248K, 28% used [0x00000000bae00000,0x00000000bb3e9718,0x00000000bc2c0000)
Event: 11.280 GC heap after
Heap after GC invocations=4 (full 0):
 PSYoungGen      total 70016K, used 5349K [0x00000000eaab0000, 0x00000000ef450000, 0x0000000100000000)
  eden space 64640K, 0% used [0x00000000eaab0000,0x00000000eaab0000,0x00000000ee9d0000)
  from space 5376K, 99% used [0x00000000eef10000,0x00000000ef449520,0x00000000ef450000)
  to   space 5376K, 0% used [0x00000000ee9d0000,0x00000000ee9d0000,0x00000000eef10000)
 ParOldGen       total 86144K, used 26163K [0x00000000c0000000, 0x00000000c5420000, 0x00000000eaab0000)
  object space 86144K, 30% used [0x00000000c0000000,0x00000000c198cd10,0x00000000c5420000)
 PSPermGen       total 21248K, used 6053K [0x00000000bae00000, 0x00000000bc2c0000, 0x00000000c0000000)
  object space 21248K, 28% used [0x00000000bae00000,0x00000000bb3e9718,0x00000000bc2c0000)
}

Deoptimization events (10 events):
Event: 10.216 Thread 0x000000000a75a800 Uncommon trap -83 fr.pc 0x00000000027e3d2c
Event: 10.225 Thread 0x000000000a5d5000 Uncommon trap -58 fr.pc 0x000000000286c268
Event: 10.238 Thread 0x000000000a5d5000 Uncommon trap -58 fr.pc 0x000000000286c268
Event: 10.259 Thread 0x000000000a5d5000 Uncommon trap -58 fr.pc 0x000000000286c268
Event: 10.260 Thread 0x000000000a5d5000 Uncommon trap -58 fr.pc 0x000000000286c268
Event: 10.765 Thread 0x000000000a5d5000 Uncommon trap -12 fr.pc 0x0000000002908ee4
Event: 10.814 Thread 0x000000000a71a800 Uncommon trap -83 fr.pc 0x00000000027aedc8
Event: 11.048 Thread 0x000000000a75a800 Uncommon trap -83 fr.pc 0x0000000002892190
Event: 11.048 Thread 0x000000000a75a800 Uncommon trap -83 fr.pc 0x00000000027d5fe8
Event: 11.287 Thread 0x000000000a71a800 Uncommon trap -83 fr.pc 0x0000000002749c8c

Internal exceptions (10 events):
Event: 2.055 Thread 0x00000000025d0800 Implicit null exception at 0x000000000276ec0f to 0x000000000276f2e5
Event: 3.773 Thread 0x000000000a75a800 Implicit null exception at 0x0000000002778552 to 0x0000000002778642
Event: 5.488 Thread 0x00000000025d0800 Implicit null exception at 0x0000000002788f6d to 0x000000000278a171
Event: 7.772 Thread 0x000000000a759800 Threw 0x00000000ec28ef98 at C:\jdk7u2_64p\jdk7u25\hotspot\src\share\vm\prims\jvm.cpp:1235
Event: 7.902 Thread 0x00000000025d0800 Threw 0x00000000ec447880 at C:\jdk7u2_64p\jdk7u25\hotspot\src\share\vm\prims\jvm.cpp:1235
Event: 8.484 Thread 0x00000000025d0800 Threw 0x00000000ed14c358 at C:\jdk7u2_64p\jdk7u25\hotspot\src\share\vm\prims\jvm.cpp:1235
Event: 11.048 Thread 0x000000000a75a800 Implicit null exception at 0x0000000002891efc to 0x000000000289217d
Event: 11.048 Thread 0x000000000a75a800 Implicit null exception at 0x00000000027d5d68 to 0x00000000027d5fd5
Event: 11.153 Thread 0x00000000025d0800 Threw 0x00000000ede38db8 at C:\jdk7u2_64p\jdk7u25\hotspot\src\share\vm\prims\jvm.cpp:1235
Event: 11.287 Thread 0x000000000a71a800 Implicit null exception at 0x0000000002749b5c to 0x0000000002749c79

Events (10 events):
Event: 11.048 Thread 0x000000000a75a800 DEOPT UNPACKING pc=0x0000000002709164 sp=0x000000000ae5ec20 mode 2
Event: 11.153 loading class 0x0000000008bfe290
Event: 11.153 loading class 0x0000000008bfe290 done
Event: 11.186 Thread 0x0000000008bab000 flushing nmethod 0x0000000002788410
Event: 11.186 Thread 0x0000000008bab000 flushing nmethod 0x000000000278e350
Event: 11.193 Executing VM operation: ParallelGCFailedAllocation
Event: 11.280 Executing VM operation: ParallelGCFailedAllocation done
Event: 11.285 Thread 0x0000000008ba1800 flushing nmethod 0x000000000281fe10
Event: 11.287 Thread 0x000000000a71a800 DEOPT PACKING pc=0x0000000002749c8c sp=0x000000000ac5ee00
Event: 11.287 Thread 0x000000000a71a800 DEOPT UNPACKING pc=0x0000000002709164 sp=0x000000000ac5eda8 mode 2


Dynamic libraries:
0x00007ff669920000 - 0x00007ff669953000 	C:\Program Files\Java\jdk1.7.0_25\bin\java.exe
0x00007ffe201b0000 - 0x00007ffe2035c000 	C:\WINDOWS\SYSTEM32\ntdll.dll
0x00007ffe1fb60000 - 0x00007ffe1fc9e000 	C:\WINDOWS\system32\KERNEL32.DLL
0x00007ffe1d660000 - 0x00007ffe1d775000 	C:\WINDOWS\system32\KERNELBASE.dll
0x00007ffe1bea0000 - 0x00007ffe1bf2e000 	C:\WINDOWS\system32\apphelp.dll
0x00007ffe15550000 - 0x00007ffe155a3000 	C:\WINDOWS\AppPatch\AppPatch64\AcGenral.DLL
0x00007ffe1d9b0000 - 0x00007ffe1da5a000 	C:\WINDOWS\system32\msvcrt.dll
0x00007ffe1d0d0000 - 0x00007ffe1d0fe000 	C:\WINDOWS\SYSTEM32\SspiCli.dll
0x00007ffe1d830000 - 0x00007ffe1d884000 	C:\WINDOWS\system32\SHLWAPI.dll
0x00007ffe1fca0000 - 0x00007ffe1fe17000 	C:\WINDOWS\system32\USER32.dll
0x00007ffe1f700000 - 0x00007ffe1f894000 	C:\WINDOWS\system32\ole32.dll
0x00007ffe1dbc0000 - 0x00007ffe1f0eb000 	C:\WINDOWS\system32\SHELL32.dll
0x00007ffe1c8a0000 - 0x00007ffe1c8c1000 	C:\WINDOWS\SYSTEM32\USERENV.dll
0x00007ffe1fab0000 - 0x00007ffe1fb5a000 	C:\WINDOWS\system32\ADVAPI32.dll
0x00007ffe0f110000 - 0x00007ffe0f12e000 	C:\WINDOWS\SYSTEM32\MPR.dll
0x00007ffe1fe20000 - 0x00007ffe1ff61000 	C:\WINDOWS\system32\RPCRT4.dll
0x00007ffe1f0f0000 - 0x00007ffe1f149000 	C:\WINDOWS\SYSTEM32\sechost.dll
0x00007ffe1ff70000 - 0x00007ffe20181000 	C:\WINDOWS\SYSTEM32\combase.dll
0x00007ffe1f400000 - 0x00007ffe1f54f000 	C:\WINDOWS\system32\GDI32.dll
0x00007ffe1d300000 - 0x00007ffe1d315000 	C:\WINDOWS\SYSTEM32\profapi.dll
0x00007ffe1b8d0000 - 0x00007ffe1b982000 	C:\WINDOWS\SYSTEM32\SHCORE.dll
0x00007ffe1d890000 - 0x00007ffe1d8c6000 	C:\WINDOWS\system32\IMM32.DLL
0x00007ffe1da60000 - 0x00007ffe1dbb2000 	C:\WINDOWS\system32\MSCTF.dll
0x00007ffe1ae20000 - 0x00007ffe1b09b000 	C:\WINDOWS\WinSxS\amd64_microsoft.windows.common-controls_6595b64144ccf1df_6.0.9600.18006_none_623f33d3ecbe86e8\COMCTL32.dll
0x0000000056680000 - 0x0000000056751000 	C:\Program Files\Java\jdk1.7.0_25\jre\bin\msvcr100.dll
0x0000000056cb0000 - 0x00000000573bf000 	C:\Program Files\Java\jdk1.7.0_25\jre\bin\server\jvm.dll
0x00007ffe1bc70000 - 0x00007ffe1bc79000 	C:\WINDOWS\SYSTEM32\WSOCK32.dll
0x00007ffe17ce0000 - 0x00007ffe17d02000 	C:\WINDOWS\SYSTEM32\WINMM.dll
0x00007ffe1f620000 - 0x00007ffe1f627000 	C:\WINDOWS\system32\PSAPI.DLL
0x00007ffe1f8a0000 - 0x00007ffe1f8fa000 	C:\WINDOWS\system32\WS2_32.dll
0x00007ffe17cb0000 - 0x00007ffe17cda000 	C:\WINDOWS\SYSTEM32\WINMMBASE.dll
0x00007ffe1f610000 - 0x00007ffe1f619000 	C:\WINDOWS\system32\NSI.dll
0x00007ffe1d7e0000 - 0x00007ffe1d82f000 	C:\WINDOWS\SYSTEM32\cfgmgr32.dll
0x00007ffe1c120000 - 0x00007ffe1c148000 	C:\WINDOWS\SYSTEM32\DEVOBJ.dll
0x0000000056ca0000 - 0x0000000056caf000 	C:\Program Files\Java\jdk1.7.0_25\jre\bin\verify.dll
0x0000000056c70000 - 0x0000000056c98000 	C:\Program Files\Java\jdk1.7.0_25\jre\bin\java.dll
0x0000000056c50000 - 0x0000000056c65000 	C:\Program Files\Java\jdk1.7.0_25\jre\bin\zip.dll
0x0000000056c30000 - 0x0000000056c49000 	C:\Program Files\Java\jdk1.7.0_25\jre\bin\net.dll
0x00007ffe1cb10000 - 0x00007ffe1cb69000 	C:\WINDOWS\system32\mswsock.dll
0x0000000056c10000 - 0x0000000056c21000 	C:\Program Files\Java\jdk1.7.0_25\jre\bin\nio.dll

VM Arguments:
jvm_args: -Djava.awt.headless=true -Xmx1024M -Dfile.encoding=windows-1252 -Duser.country=US -Duser.language=en -Duser.variant 
java_command: com.android.dx.command.Main --dex --num-threads=4 --output F:\SyncFolder\SparenParts\SparenParts\app\build\intermediates\pre-dexed\debug\com.android.support-support-v4-23.0.1_5b0e6675a1b57e2fc477b3ff5d8eab59a8ff8be7.jar F:\SyncFolder\SparenParts\SparenParts\app\build\intermediates\exploded-aar\com.android.support\support-v4\23.0.1\jars\classes.jar
Launcher Type: SUN_STANDARD

Environment Variables:
PATH=C:\Program Files (x86)\AMD APP\bin\x86_64;C:\Program Files (x86)\AMD APP\bin\x86;c:\Software\octave3.6.4\bin;C:\Program Files (x86)\Qucs\bin;C:\WinAVR-20100110\bin;C:\WinAVR-20100110\utils\bin;C:\WINDOWS\system32;C:\WINDOWS;C:\WINDOWS\System32\Wbem;C:\WINDOWS\System32\WindowsPowerShell\v1.0\;C:\Program Files (x86)\ATI Technologies\ATI.ACE\Core-Static;C:\Program Files (x86)\Common Files\Autodesk Shared\;C:\Program Files (x86)\Windows Kits\8.1\Windows Performance Toolkit\;C:\Program Files\Microsoft SQL Server\110\Tools\Binn\;C:\Program Files (x86)\Microsoft SDKs\TypeScript\1.0\;C:\Program Files\Microsoft SQL Server\120\Tools\Binn\;C:\Program Files\MATLAB\R2014a\runtime\win64;C:\Program Files\MATLAB\R2014a\bin;C:\Program Files\MATLAB\R2014a\polyspace\bin;C:\Program Files (x86)\mingw32\bin;c:\iverilog\bin;c:\iverilog\gtkwave\bin;C:\Program Files\MATLAB\MATLAB Compiler Runtime\v83\runtime\win64;C:\Program Files (x86)\Microsoft ASP.NET\ASP.NET Web Pages\v1.0\;C:\opencv\build\x64\x64\vc11\bin;\C:\ffmpeg\bin;C:\Program Files\Microsoft SDKs\Windows\v6.0A\Lib\x64 ;C:\Program Files (x86)\Skype\Phone\
USERNAME=Loknath Shankar
OS=Windows_NT
PROCESSOR_IDENTIFIER=Intel64 Family 6 Model 58 Stepping 9, GenuineIntel



---------------  S Y S T E M  ---------------

OS: Windows 8 , 64 bit Build 9200 

CPU:total 4 (2 cores per cpu, 2 threads per core) family 6 model 58 stepping 9, cmov, cx8, fxsr, mmx, sse, sse2, sse3, ssse3, sse4.1, sse4.2, popcnt, avx, ht, tsc, tscinvbit, tscinv

Memory: 4k page, physical 8267032k(1372956k free), swap 9291032k(5272k free)

vm_info: Java HotSpot(TM) 64-Bit Server VM (23.25-b01) for windows-amd64 JRE (1.7.0_25-b17), built on Jun 21 2013 12:58:32 by "java_re" with unknown MS VC++:1600

time: Mon Feb 29 01:02:54 2016
elapsed time: 11 seconds

