#
# There is insufficient memory for the Java Runtime Environment to continue.
# Native memory allocation (malloc) failed to allocate 647056 bytes for Chunk::new
# Possible reasons:
#   The system is out of physical RAM or swap space
#   In 32 bit mode, the process size limit was hit
# Possible solutions:
#   Reduce memory load on the system
#   Increase physical memory or swap space
#   Check if swap backing store is full
#   Use 64 bit Java on a 64 bit OS
#   Decrease Java heap size (-Xmx/-Xms)
#   Decrease number of Java threads
#   Decrease Java thread stack sizes (-Xss)
#   Set larger code cache with -XX:ReservedCodeCacheSize=
# This output file may be truncated or incomplete.
#
#  Out of Memory Error (allocation.cpp:328), pid=692, tid=9832
#
# JRE version: 7.0_25-b17
# Java VM: Java HotSpot(TM) 64-Bit Server VM (23.25-b01 mixed mode windows-amd64 compressed oops)
# Failed to write core dump. Minidumps are not enabled by default on client versions of Windows
#

---------------  T H R E A D  ---------------

Current thread (0x000000000901b000):  JavaThread "C2 CompilerThread1" daemon [_thread_in_native, id=9832, stack(0x000000000a6d0000,0x000000000a7d0000)]

Stack: [0x000000000a6d0000,0x000000000a7d0000]

Current CompileTask:
C2:  12079  618             com.android.dx.cf.code.ConcreteMethod::<init> (262 bytes)


---------------  P R O C E S S  ---------------

Java Threads: ( => current thread )
  0x000000000ab57000 JavaThread "pool-1-thread-4" [_thread_blocked, id=5240, stack(0x000000000b1d0000,0x000000000b2d0000)]
  0x000000000ab56000 JavaThread "pool-1-thread-3" [_thread_blocked, id=7496, stack(0x000000000b0d0000,0x000000000b1d0000)]
  0x000000000abab800 JavaThread "pool-1-thread-2" [_thread_blocked, id=1016, stack(0x000000000afd0000,0x000000000b0d0000)]
  0x000000000abaa800 JavaThread "pool-2-thread-1" [_thread_blocked, id=7316, stack(0x000000000aed0000,0x000000000afd0000)]
  0x00000000090ce800 JavaThread "pool-1-thread-1" [_thread_in_Java, id=7640, stack(0x000000000add0000,0x000000000aed0000)]
  0x0000000009023000 JavaThread "Service Thread" daemon [_thread_blocked, id=4968, stack(0x000000000a7d0000,0x000000000a8d0000)]
=>0x000000000901b000 JavaThread "C2 CompilerThread1" daemon [_thread_in_native, id=9832, stack(0x000000000a6d0000,0x000000000a7d0000)]
  0x0000000009011000 JavaThread "C2 CompilerThread0" daemon [_thread_in_native, id=4792, stack(0x000000000a5d0000,0x000000000a6d0000)]
  0x0000000009010000 JavaThread "Attach Listener" daemon [_thread_blocked, id=7356, stack(0x000000000a4d0000,0x000000000a5d0000)]
  0x000000000900c800 JavaThread "Signal Dispatcher" daemon [_thread_blocked, id=8360, stack(0x000000000a3d0000,0x000000000a4d0000)]
  0x0000000008fa8000 JavaThread "Finalizer" daemon [_thread_blocked, id=3780, stack(0x000000000a2d0000,0x000000000a3d0000)]
  0x0000000008f9f800 JavaThread "Reference Handler" daemon [_thread_blocked, id=768, stack(0x000000000a1d0000,0x000000000a2d0000)]
  0x0000000002b00800 JavaThread "main" [_thread_blocked, id=5076, stack(0x0000000002970000,0x0000000002a70000)]

Other Threads:
  0x0000000008f97000 VMThread [stack: 0x000000000a0d0000,0x000000000a1d0000] [id=9112]
  0x0000000009030000 WatcherThread [stack: 0x000000000a8d0000,0x000000000a9d0000] [id=836]

VM state:not at safepoint (normal execution)

VM Mutex/Monitor currently owned by a thread: None

Heap
 PSYoungGen      total 70016K, used 21743K [0x00000000eaab0000, 0x00000000ef450000, 0x0000000100000000)
  eden space 64640K, 25% used [0x00000000eaab0000,0x00000000ebab3338,0x00000000ee9d0000)
  from space 5376K, 99% used [0x00000000eef10000,0x00000000ef448a68,0x00000000ef450000)
  to   space 5376K, 0% used [0x00000000ee9d0000,0x00000000ee9d0000,0x00000000eef10000)
 ParOldGen       total 86144K, used 47410K [0x00000000c0000000, 0x00000000c5420000, 0x00000000eaab0000)
  object space 86144K, 55% used [0x00000000c0000000,0x00000000c2e4cb38,0x00000000c5420000)
 PSPermGen       total 21248K, used 6120K [0x00000000bae00000, 0x00000000bc2c0000, 0x00000000c0000000)
  object space 21248K, 28% used [0x00000000bae00000,0x00000000bb3fa1e0,0x00000000bc2c0000)

Card table byte_map: [0x0000000005c00000,0x0000000005e30000] byte_map_base: 0x0000000005629000

Polling page: 0x0000000001150000

Code Cache  [0x0000000002c00000, 0x0000000002e80000, 0x0000000005c00000)
 total_blobs=840 nmethods=605 adapters=186 free_code_cache=46692Kb largest_free_block=47753664

Compilation events (10 events):
Event: 12.042 Thread 0x000000000901b000 nmethod 613 0x0000000002e6bb10 code [0x0000000002e6bc60, 0x0000000002e6bd98]
Event: 12.042 Thread 0x000000000901b000  614             com.android.dx.dex.code.RopTranslator$TranslationVisitor::visitPlainCstInsn (161 bytes)
Event: 12.053 Thread 0x000000000901b000 nmethod 614 0x0000000002e74490 code [0x0000000002e74680, 0x0000000002e74bf0]
Event: 12.053 Thread 0x000000000901b000  615             com.android.dx.cf.attrib.AttCode::getCode (5 bytes)
Event: 12.054 Thread 0x000000000901b000 nmethod 615 0x0000000002ca2c10 code [0x0000000002ca2d40, 0x0000000002ca2d98]
Event: 12.054 Thread 0x000000000901b000  616             com.android.dx.cf.code.ConcreteMethod::getCode (8 bytes)
Event: 12.054 Thread 0x000000000901b000 nmethod 616 0x0000000002ca29d0 code [0x0000000002ca2b00, 0x0000000002ca2b78]
Event: 12.054 Thread 0x000000000901b000  617             com.android.dx.dex.code.RopTranslator$LocalVariableAwareTranslationVisitor::visitPlainCstInsn (11 bytes)
Event: 12.055 Thread 0x000000000901b000 nmethod 617 0x0000000002e72a50 code [0x0000000002e72ba0, 0x0000000002e72c38]
Event: 12.055 Thread 0x000000000901b000  618             com.android.dx.cf.code.ConcreteMethod::<init> (262 bytes)

GC Heap History (10 events):
Event: 6.032 GC heap before
{Heap before GC invocations=2 (full 0):
 PSYoungGen      total 37696K, used 37690K [0x00000000eaab0000, 0x00000000ef450000, 0x0000000100000000)
  eden space 32320K, 100% used [0x00000000eaab0000,0x00000000eca40000,0x00000000eca40000)
  from space 5376K, 99% used [0x00000000eca40000,0x00000000ecf7e978,0x00000000ecf80000)
  to   space 5376K, 0% used [0x00000000eef10000,0x00000000eef10000,0x00000000ef450000)
 ParOldGen       total 86144K, used 2142K [0x00000000c0000000, 0x00000000c5420000, 0x00000000eaab0000)
  object space 86144K, 2% used [0x00000000c0000000,0x00000000c02179a0,0x00000000c5420000)
 PSPermGen       total 21248K, used 5956K [0x00000000bae00000, 0x00000000bc2c0000, 0x00000000c0000000)
  object space 21248K, 28% used [0x00000000bae00000,0x00000000bb3d1378,0x00000000bc2c0000)
Event: 6.522 GC heap after
Heap after GC invocations=2 (full 0):
 PSYoungGen      total 70016K, used 5373K [0x00000000eaab0000, 0x00000000ef450000, 0x0000000100000000)
  eden space 64640K, 0% used [0x00000000eaab0000,0x00000000eaab0000,0x00000000ee9d0000)
  from space 5376K, 99% used [0x00000000eef10000,0x00000000ef44f460,0x00000000ef450000)
  to   space 5376K, 0% used [0x00000000ee9d0000,0x00000000ee9d0000,0x00000000eef10000)
 ParOldGen       total 86144K, used 5564K [0x00000000c0000000, 0x00000000c5420000, 0x00000000eaab0000)
  object space 86144K, 6% used [0x00000000c0000000,0x00000000c056f100,0x00000000c5420000)
 PSPermGen       total 21248K, used 5956K [0x00000000bae00000, 0x00000000bc2c0000, 0x00000000c0000000)
  object space 21248K, 28% used [0x00000000bae00000,0x00000000bb3d1378,0x00000000bc2c0000)
}
Event: 9.233 GC heap before
{Heap before GC invocations=3 (full 0):
 PSYoungGen      total 70016K, used 70013K [0x00000000eaab0000, 0x00000000ef450000, 0x0000000100000000)
  eden space 64640K, 100% used [0x00000000eaab0000,0x00000000ee9d0000,0x00000000ee9d0000)
  from space 5376K, 99% used [0x00000000eef10000,0x00000000ef44f460,0x00000000ef450000)
  to   space 5376K, 0% used [0x00000000ee9d0000,0x00000000ee9d0000,0x00000000eef10000)
 ParOldGen       total 86144K, used 5564K [0x00000000c0000000, 0x00000000c5420000, 0x00000000eaab0000)
  object space 86144K, 6% used [0x00000000c0000000,0x00000000c056f100,0x00000000c5420000)
 PSPermGen       total 21248K, used 6026K [0x00000000bae00000, 0x00000000bc2c0000, 0x00000000c0000000)
  object space 21248K, 28% used [0x00000000bae00000,0x00000000bb3e2838,0x00000000bc2c0000)
Event: 9.395 GC heap after
Heap after GC invocations=3 (full 0):
 PSYoungGen      total 70016K, used 5348K [0x00000000eaab0000, 0x00000000ef450000, 0x0000000100000000)
  eden space 64640K, 0% used [0x00000000eaab0000,0x00000000eaab0000,0x00000000ee9d0000)
  from space 5376K, 99% used [0x00000000ee9d0000,0x00000000eef09338,0x00000000eef10000)
  to   space 5376K, 0% used [0x00000000eef10000,0x00000000eef10000,0x00000000ef450000)
 ParOldGen       total 86144K, used 14834K [0x00000000c0000000, 0x00000000c5420000, 0x00000000eaab0000)
  object space 86144K, 17% used [0x00000000c0000000,0x00000000c0e7c9a0,0x00000000c5420000)
 PSPermGen       total 21248K, used 6026K [0x00000000bae00000, 0x00000000bc2c0000, 0x00000000c0000000)
  object space 21248K, 28% used [0x00000000bae00000,0x00000000bb3e2838,0x00000000bc2c0000)
}
Event: 10.744 GC heap before
{Heap before GC invocations=4 (full 0):
 PSYoungGen      total 70016K, used 69988K [0x00000000eaab0000, 0x00000000ef450000, 0x0000000100000000)
  eden space 64640K, 100% used [0x00000000eaab0000,0x00000000ee9d0000,0x00000000ee9d0000)
  from space 5376K, 99% used [0x00000000ee9d0000,0x00000000eef09338,0x00000000eef10000)
  to   space 5376K, 0% used [0x00000000eef10000,0x00000000eef10000,0x00000000ef450000)
 ParOldGen       total 86144K, used 14834K [0x00000000c0000000, 0x00000000c5420000, 0x00000000eaab0000)
  object space 86144K, 17% used [0x00000000c0000000,0x00000000c0e7c9a0,0x00000000c5420000)
 PSPermGen       total 21248K, used 6055K [0x00000000bae00000, 0x00000000bc2c0000, 0x00000000c0000000)
  object space 21248K, 28% used [0x00000000bae00000,0x00000000bb3e9f70,0x00000000bc2c0000)
Event: 10.952 GC heap after
Heap after GC invocations=4 (full 0):
 PSYoungGen      total 70016K, used 5356K [0x00000000eaab0000, 0x00000000ef450000, 0x0000000100000000)
  eden space 64640K, 0% used [0x00000000eaab0000,0x00000000eaab0000,0x00000000ee9d0000)
  from space 5376K, 99% used [0x00000000eef10000,0x00000000ef44b3d8,0x00000000ef450000)
  to   space 5376K, 0% used [0x00000000ee9d0000,0x00000000ee9d0000,0x00000000eef10000)
 ParOldGen       total 86144K, used 25616K [0x00000000c0000000, 0x00000000c5420000, 0x00000000eaab0000)
  object space 86144K, 29% used [0x00000000c0000000,0x00000000c1904328,0x00000000c5420000)
 PSPermGen       total 21248K, used 6055K [0x00000000bae00000, 0x00000000bc2c0000, 0x00000000c0000000)
  object space 21248K, 28% used [0x00000000bae00000,0x00000000bb3e9f70,0x00000000bc2c0000)
}
Event: 11.385 GC heap before
{Heap before GC invocations=5 (full 0):
 PSYoungGen      total 70016K, used 69996K [0x00000000eaab0000, 0x00000000ef450000, 0x0000000100000000)
  eden space 64640K, 100% used [0x00000000eaab0000,0x00000000ee9d0000,0x00000000ee9d0000)
  from space 5376K, 99% used [0x00000000eef10000,0x00000000ef44b3d8,0x00000000ef450000)
  to   space 5376K, 0% used [0x00000000ee9d0000,0x00000000ee9d0000,0x00000000eef10000)
 ParOldGen       total 86144K, used 25616K [0x00000000c0000000, 0x00000000c5420000, 0x00000000eaab0000)
  object space 86144K, 29% used [0x00000000c0000000,0x00000000c1904328,0x00000000c5420000)
 PSPermGen       total 21248K, used 6071K [0x00000000bae00000, 0x00000000bc2c0000, 0x00000000c0000000)
  object space 21248K, 28% used [0x00000000bae00000,0x00000000bb3edd10,0x00000000bc2c0000)
Event: 11.545 GC heap after
Heap after GC invocations=5 (full 0):
 PSYoungGen      total 70016K, used 5362K [0x00000000eaab0000, 0x00000000ef450000, 0x0000000100000000)
  eden space 64640K, 0% used [0x00000000eaab0000,0x00000000eaab0000,0x00000000ee9d0000)
  from space 5376K, 99% used [0x00000000ee9d0000,0x00000000eef0cac8,0x00000000eef10000)
  to   space 5376K, 0% used [0x00000000eef10000,0x00000000eef10000,0x00000000ef450000)
 ParOldGen       total 86144K, used 36716K [0x00000000c0000000, 0x00000000c5420000, 0x00000000eaab0000)
  object space 86144K, 42% used [0x00000000c0000000,0x00000000c23db320,0x00000000c5420000)
 PSPermGen       total 21248K, used 6071K [0x00000000bae00000, 0x00000000bc2c0000, 0x00000000c0000000)
  object space 21248K, 28% used [0x00000000bae00000,0x00000000bb3edd10,0x00000000bc2c0000)
}
Event: 11.906 GC heap before
{Heap before GC invocations=6 (full 0):
 PSYoungGen      total 70016K, used 70002K [0x00000000eaab0000, 0x00000000ef450000, 0x0000000100000000)
  eden space 64640K, 100% used [0x00000000eaab0000,0x00000000ee9d0000,0x00000000ee9d0000)
  from space 5376K, 99% used [0x00000000ee9d0000,0x00000000eef0cac8,0x00000000eef10000)
  to   space 5376K, 0% used [0x00000000eef10000,0x00000000eef10000,0x00000000ef450000)
 ParOldGen       total 86144K, used 36716K [0x00000000c0000000, 0x00000000c5420000, 0x00000000eaab0000)
  object space 86144K, 42% used [0x00000000c0000000,0x00000000c23db320,0x00000000c5420000)
 PSPermGen       total 21248K, used 6095K [0x00000000bae00000, 0x00000000bc2c0000, 0x00000000c0000000)
  object space 21248K, 28% used [0x00000000bae00000,0x00000000bb3f3ec0,0x00000000bc2c0000)
Event: 12.008 GC heap after
Heap after GC invocations=6 (full 0):
 PSYoungGen      total 70016K, used 5346K [0x00000000eaab0000, 0x00000000ef450000, 0x0000000100000000)
  eden space 64640K, 0% used [0x00000000eaab0000,0x00000000eaab0000,0x00000000ee9d0000)
  from space 5376K, 99% used [0x00000000eef10000,0x00000000ef448a68,0x00000000ef450000)
  to   space 5376K, 0% used [0x00000000ee9d0000,0x00000000ee9d0000,0x00000000eef10000)
 ParOldGen       total 86144K, used 47410K [0x00000000c0000000, 0x00000000c5420000, 0x00000000eaab0000)
  object space 86144K, 55% used [0x00000000c0000000,0x00000000c2e4cb38,0x00000000c5420000)
 PSPermGen       total 21248K, used 6095K [0x00000000bae00000, 0x00000000bc2c0000, 0x00000000c0000000)
  object space 21248K, 28% used [0x00000000bae00000,0x00000000bb3f3ec0,0x00000000bc2c0000)
}

Deoptimization events (10 events):
Event: 9.553 Thread 0x000000000ab56000 Uncommon trap -58 fr.pc 0x0000000002da01a8
Event: 9.554 Thread 0x000000000ab56000 Uncommon trap -58 fr.pc 0x0000000002da01a8
Event: 9.633 Thread 0x00000000090ce800 Uncommon trap -12 fr.pc 0x0000000002e03328
Event: 9.959 Thread 0x000000000abab800 Uncommon trap -83 fr.pc 0x0000000002ce3050
Event: 10.399 Thread 0x00000000090ce800 Uncommon trap -83 fr.pc 0x0000000002d963d0
Event: 10.400 Thread 0x00000000090ce800 Uncommon trap -83 fr.pc 0x0000000002d178a8
Event: 10.953 Thread 0x000000000abab800 Uncommon trap -83 fr.pc 0x0000000002ce05cc
Event: 11.798 Thread 0x00000000090ce800 Uncommon trap -58 fr.pc 0x0000000002e28f2c
Event: 11.798 Thread 0x00000000090ce800 Uncommon trap -58 fr.pc 0x0000000002e28f2c
Event: 11.798 Thread 0x00000000090ce800 Uncommon trap -34 fr.pc 0x0000000002d0ea00

Internal exceptions (10 events):
Event: 2.383 Thread 0x0000000002b00800 Implicit null exception at 0x0000000002ca1f8f to 0x0000000002ca2665
Event: 3.627 Thread 0x000000000abab800 Implicit null exception at 0x0000000002caed92 to 0x0000000002caee82
Event: 4.869 Thread 0x0000000002b00800 Implicit null exception at 0x0000000002cc0540 to 0x0000000002cc161d
Event: 7.914 Thread 0x000000000ab56000 Threw 0x00000000ec3e83f8 at C:\jdk7u2_64p\jdk7u25\hotspot\src\share\vm\prims\jvm.cpp:1235
Event: 8.681 Thread 0x0000000002b00800 Threw 0x00000000ed4e5190 at C:\jdk7u2_64p\jdk7u25\hotspot\src\share\vm\prims\jvm.cpp:1235
Event: 9.061 Thread 0x00000000090ce800 Threw 0x00000000ee415328 at C:\jdk7u2_64p\jdk7u25\hotspot\src\share\vm\prims\jvm.cpp:1235
Event: 10.399 Thread 0x00000000090ce800 Implicit null exception at 0x0000000002d9613c to 0x0000000002d963bd
Event: 10.400 Thread 0x00000000090ce800 Implicit null exception at 0x0000000002d17628 to 0x0000000002d17895
Event: 10.678 Thread 0x0000000002b00800 Threw 0x00000000edf914c0 at C:\jdk7u2_64p\jdk7u25\hotspot\src\share\vm\prims\jvm.cpp:1235
Event: 10.953 Thread 0x000000000abab800 Implicit null exception at 0x0000000002ce049c to 0x0000000002ce05b9

Events (10 events):
Event: 11.798 Thread 0x00000000090ce800 DEOPT PACKING pc=0x0000000002e28f2c sp=0x000000000aece9d0
Event: 11.798 Thread 0x00000000090ce800 DEOPT UNPACKING pc=0x0000000002c39164 sp=0x000000000aece988 mode 2
Event: 11.798 Thread 0x00000000090ce800 DEOPT PACKING pc=0x0000000002e28f2c sp=0x000000000aecea80
Event: 11.798 Thread 0x00000000090ce800 DEOPT UNPACKING pc=0x0000000002c39164 sp=0x000000000aecea38 mode 2
Event: 11.798 Thread 0x00000000090ce800 DEOPT PACKING pc=0x0000000002d0ea00 sp=0x000000000aececa0
Event: 11.798 Thread 0x00000000090ce800 DEOPT UNPACKING pc=0x0000000002c39164 sp=0x000000000aecec08 mode 2
Event: 11.834 Executing VM operation: ParallelGCFailedAllocation
Event: 12.008 Executing VM operation: ParallelGCFailedAllocation done
Event: 12.053 Thread 0x000000000901b000 flushing nmethod 0x0000000002ca2750
Event: 12.054 Thread 0x000000000901b000 flushing nmethod 0x0000000002cd6410


Dynamic libraries:
0x00007ff669920000 - 0x00007ff669953000 	C:\Program Files\Java\jdk1.7.0_25\bin\java.exe
0x00007ffe201b0000 - 0x00007ffe2035c000 	C:\WINDOWS\SYSTEM32\ntdll.dll
0x00007ffe1fb60000 - 0x00007ffe1fc9e000 	C:\WINDOWS\system32\KERNEL32.DLL
0x00007ffe1d660000 - 0x00007ffe1d775000 	C:\WINDOWS\system32\KERNELBASE.dll
0x00007ffe1bea0000 - 0x00007ffe1bf2e000 	C:\WINDOWS\system32\apphelp.dll
0x00007ffe15550000 - 0x00007ffe155a3000 	C:\WINDOWS\AppPatch\AppPatch64\AcGenral.DLL
0x00007ffe1d9b0000 - 0x00007ffe1da5a000 	C:\WINDOWS\system32\msvcrt.dll
0x00007ffe1d0d0000 - 0x00007ffe1d0fe000 	C:\WINDOWS\SYSTEM32\SspiCli.dll
0x00007ffe1d830000 - 0x00007ffe1d884000 	C:\WINDOWS\system32\SHLWAPI.dll
0x00007ffe1fca0000 - 0x00007ffe1fe17000 	C:\WINDOWS\system32\USER32.dll
0x00007ffe1f700000 - 0x00007ffe1f894000 	C:\WINDOWS\system32\ole32.dll
0x00007ffe1dbc0000 - 0x00007ffe1f0eb000 	C:\WINDOWS\system32\SHELL32.dll
0x00007ffe1c8a0000 - 0x00007ffe1c8c1000 	C:\WINDOWS\SYSTEM32\USERENV.dll
0x00007ffe1fab0000 - 0x00007ffe1fb5a000 	C:\WINDOWS\system32\ADVAPI32.dll
0x00007ffe0f110000 - 0x00007ffe0f12e000 	C:\WINDOWS\SYSTEM32\MPR.dll
0x00007ffe1fe20000 - 0x00007ffe1ff61000 	C:\WINDOWS\system32\RPCRT4.dll
0x00007ffe1f0f0000 - 0x00007ffe1f149000 	C:\WINDOWS\SYSTEM32\sechost.dll
0x00007ffe1ff70000 - 0x00007ffe20181000 	C:\WINDOWS\SYSTEM32\combase.dll
0x00007ffe1f400000 - 0x00007ffe1f54f000 	C:\WINDOWS\system32\GDI32.dll
0x00007ffe1d300000 - 0x00007ffe1d315000 	C:\WINDOWS\SYSTEM32\profapi.dll
0x00007ffe1b8d0000 - 0x00007ffe1b982000 	C:\WINDOWS\SYSTEM32\SHCORE.dll
0x00007ffe1d890000 - 0x00007ffe1d8c6000 	C:\WINDOWS\system32\IMM32.DLL
0x00007ffe1da60000 - 0x00007ffe1dbb2000 	C:\WINDOWS\system32\MSCTF.dll
0x00007ffe1ae20000 - 0x00007ffe1b09b000 	C:\WINDOWS\WinSxS\amd64_microsoft.windows.common-controls_6595b64144ccf1df_6.0.9600.18006_none_623f33d3ecbe86e8\COMCTL32.dll
0x0000000056680000 - 0x0000000056751000 	C:\Program Files\Java\jdk1.7.0_25\jre\bin\msvcr100.dll
0x0000000056cb0000 - 0x00000000573bf000 	C:\Program Files\Java\jdk1.7.0_25\jre\bin\server\jvm.dll
0x00007ffe1bc70000 - 0x00007ffe1bc79000 	C:\WINDOWS\SYSTEM32\WSOCK32.dll
0x00007ffe17ce0000 - 0x00007ffe17d02000 	C:\WINDOWS\SYSTEM32\WINMM.dll
0x00007ffe1f620000 - 0x00007ffe1f627000 	C:\WINDOWS\system32\PSAPI.DLL
0x00007ffe1f8a0000 - 0x00007ffe1f8fa000 	C:\WINDOWS\system32\WS2_32.dll
0x00007ffe17cb0000 - 0x00007ffe17cda000 	C:\WINDOWS\SYSTEM32\WINMMBASE.dll
0x00007ffe1f610000 - 0x00007ffe1f619000 	C:\WINDOWS\system32\NSI.dll
0x00007ffe1d7e0000 - 0x00007ffe1d82f000 	C:\WINDOWS\SYSTEM32\cfgmgr32.dll
0x00007ffe1c120000 - 0x00007ffe1c148000 	C:\WINDOWS\SYSTEM32\DEVOBJ.dll
0x0000000056ca0000 - 0x0000000056caf000 	C:\Program Files\Java\jdk1.7.0_25\jre\bin\verify.dll
0x0000000056c70000 - 0x0000000056c98000 	C:\Program Files\Java\jdk1.7.0_25\jre\bin\java.dll
0x0000000056c50000 - 0x0000000056c65000 	C:\Program Files\Java\jdk1.7.0_25\jre\bin\zip.dll
0x0000000056c30000 - 0x0000000056c49000 	C:\Program Files\Java\jdk1.7.0_25\jre\bin\net.dll
0x00007ffe1cb10000 - 0x00007ffe1cb69000 	C:\WINDOWS\system32\mswsock.dll
0x0000000056c10000 - 0x0000000056c21000 	C:\Program Files\Java\jdk1.7.0_25\jre\bin\nio.dll

VM Arguments:
jvm_args: -Djava.awt.headless=true -Xmx1024M -Dfile.encoding=windows-1252 -Duser.country=US -Duser.language=en -Duser.variant 
java_command: com.android.dx.command.Main --dex --num-threads=4 --output F:\SyncFolder\SparenParts\SparenParts\app\build\intermediates\pre-dexed\debug\com.android.support-support-v4-23.0.1_5b0e6675a1b57e2fc477b3ff5d8eab59a8ff8be7.jar F:\SyncFolder\SparenParts\SparenParts\app\build\intermediates\exploded-aar\com.android.support\support-v4\23.0.1\jars\classes.jar
Launcher Type: SUN_STANDARD

Environment Variables:
PATH=C:\Program Files (x86)\AMD APP\bin\x86_64;C:\Program Files (x86)\AMD APP\bin\x86;c:\Software\octave3.6.4\bin;C:\Program Files (x86)\Qucs\bin;C:\WinAVR-20100110\bin;C:\WinAVR-20100110\utils\bin;C:\WINDOWS\system32;C:\WINDOWS;C:\WINDOWS\System32\Wbem;C:\WINDOWS\System32\WindowsPowerShell\v1.0\;C:\Program Files (x86)\ATI Technologies\ATI.ACE\Core-Static;C:\Program Files (x86)\Common Files\Autodesk Shared\;C:\Program Files (x86)\Windows Kits\8.1\Windows Performance Toolkit\;C:\Program Files\Microsoft SQL Server\110\Tools\Binn\;C:\Program Files (x86)\Microsoft SDKs\TypeScript\1.0\;C:\Program Files\Microsoft SQL Server\120\Tools\Binn\;C:\Program Files\MATLAB\R2014a\runtime\win64;C:\Program Files\MATLAB\R2014a\bin;C:\Program Files\MATLAB\R2014a\polyspace\bin;C:\Program Files (x86)\mingw32\bin;c:\iverilog\bin;c:\iverilog\gtkwave\bin;C:\Program Files\MATLAB\MATLAB Compiler Runtime\v83\runtime\win64;C:\Program Files (x86)\Microsoft ASP.NET\ASP.NET Web Pages\v1.0\;C:\opencv\build\x64\x64\vc11\bin;\C:\ffmpeg\bin;C:\Program Files\Microsoft SDKs\Windows\v6.0A\Lib\x64 ;C:\Program Files (x86)\Skype\Phone\
USERNAME=Loknath Shankar
OS=Windows_NT
PROCESSOR_IDENTIFIER=Intel64 Family 6 Model 58 Stepping 9, GenuineIntel



---------------  S Y S T E M  ---------------

OS: Windows 8 , 64 bit Build 9200 

CPU:total 4 (2 cores per cpu, 2 threads per core) family 6 model 58 stepping 9, cmov, cx8, fxsr, mmx, sse, sse2, sse3, ssse3, sse4.1, sse4.2, popcnt, avx, ht, tsc, tscinvbit, tscinv

Memory: 4k page, physical 8267032k(1352300k free), swap 9291032k(5172k free)

vm_info: Java HotSpot(TM) 64-Bit Server VM (23.25-b01) for windows-amd64 JRE (1.7.0_25-b17), built on Jun 21 2013 12:58:32 by "java_re" with unknown MS VC++:1600

time: Mon Feb 29 01:03:21 2016
elapsed time: 12 seconds

