#
# There is insufficient memory for the Java Runtime Environment to continue.
# Native memory allocation (malloc) failed to allocate 156736 bytes for Chunk::new
# Possible reasons:
#   The system is out of physical RAM or swap space
#   In 32 bit mode, the process size limit was hit
# Possible solutions:
#   Reduce memory load on the system
#   Increase physical memory or swap space
#   Check if swap backing store is full
#   Use 64 bit Java on a 64 bit OS
#   Decrease Java heap size (-Xmx/-Xms)
#   Decrease number of Java threads
#   Decrease Java thread stack sizes (-Xss)
#   Set larger code cache with -XX:ReservedCodeCacheSize=
# This output file may be truncated or incomplete.
#
#  Out of Memory Error (allocation.cpp:328), pid=2416, tid=8596
#
# JRE version: 7.0_25-b17
# Java VM: Java HotSpot(TM) 64-Bit Server VM (23.25-b01 mixed mode windows-amd64 compressed oops)
# Failed to write core dump. Minidumps are not enabled by default on client versions of Windows
#

---------------  T H R E A D  ---------------

Current thread (0x0000000009103000):  JavaThread "C2 CompilerThread1" daemon [_thread_in_native, id=8596, stack(0x000000000a7f0000,0x000000000a8f0000)]

Stack: [0x000000000a7f0000,0x000000000a8f0000]

Current CompileTask:
C2:   2951  343             com.android.dx.ssa.DeadCodeRemover::run (194 bytes)


---------------  P R O C E S S  ---------------

Java Threads: ( => current thread )
  0x000000000ac95800 JavaThread "pool-1-thread-4" [_thread_in_Java, id=4652, stack(0x000000000b2f0000,0x000000000b3f0000)]
  0x000000000aceb000 JavaThread "pool-1-thread-3" [_thread_in_Java, id=10112, stack(0x000000000b1f0000,0x000000000b2f0000)]
  0x000000000ab32800 JavaThread "pool-1-thread-2" [_thread_in_Java, id=2396, stack(0x000000000b0f0000,0x000000000b1f0000)]
  0x000000000ac20000 JavaThread "pool-2-thread-1" [_thread_blocked, id=4904, stack(0x000000000aff0000,0x000000000b0f0000)]
  0x000000000acf0800 JavaThread "pool-1-thread-1" [_thread_in_Java, id=5408, stack(0x000000000aef0000,0x000000000aff0000)]
  0x000000000910f000 JavaThread "Service Thread" daemon [_thread_blocked, id=9952, stack(0x000000000a8f0000,0x000000000a9f0000)]
=>0x0000000009103000 JavaThread "C2 CompilerThread1" daemon [_thread_in_native, id=8596, stack(0x000000000a7f0000,0x000000000a8f0000)]
  0x0000000009101800 JavaThread "C2 CompilerThread0" daemon [_thread_in_native, id=7204, stack(0x000000000a6f0000,0x000000000a7f0000)]
  0x0000000009100800 JavaThread "Attach Listener" daemon [_thread_blocked, id=5608, stack(0x000000000a5f0000,0x000000000a6f0000)]
  0x00000000090fd800 JavaThread "Signal Dispatcher" daemon [_thread_blocked, id=3896, stack(0x000000000a4f0000,0x000000000a5f0000)]
  0x0000000009099800 JavaThread "Finalizer" daemon [_thread_blocked, id=7708, stack(0x000000000a3f0000,0x000000000a4f0000)]
  0x0000000009090800 JavaThread "Reference Handler" daemon [_thread_blocked, id=768, stack(0x000000000a2f0000,0x000000000a3f0000)]
  0x0000000002b30800 JavaThread "main" [_thread_in_Java, id=5996, stack(0x0000000002a30000,0x0000000002b30000)]

Other Threads:
  0x0000000009088800 VMThread [stack: 0x000000000a1f0000,0x000000000a2f0000] [id=7516]
  0x000000000912c000 WatcherThread [stack: 0x000000000a9f0000,0x000000000aaf0000] [id=4020]

VM state:not at safepoint (normal execution)

VM Mutex/Monitor currently owned by a thread: None

Heap
 PSYoungGen      total 37696K, used 27763K [0x00000000eaab0000, 0x00000000ef450000, 0x0000000100000000)
  eden space 32320K, 69% used [0x00000000eaab0000,0x00000000ec08e8d0,0x00000000eca40000)
  from space 5376K, 99% used [0x00000000eca40000,0x00000000ecf7e428,0x00000000ecf80000)
  to   space 5376K, 0% used [0x00000000eef10000,0x00000000eef10000,0x00000000ef450000)
 ParOldGen       total 86144K, used 1869K [0x00000000c0000000, 0x00000000c5420000, 0x00000000eaab0000)
  object space 86144K, 2% used [0x00000000c0000000,0x00000000c01d3768,0x00000000c5420000)
 PSPermGen       total 21248K, used 5950K [0x00000000bae00000, 0x00000000bc2c0000, 0x00000000c0000000)
  object space 21248K, 28% used [0x00000000bae00000,0x00000000bb3cfa08,0x00000000bc2c0000)

Card table byte_map: [0x0000000005cf0000,0x0000000005f20000] byte_map_base: 0x0000000005719000

Polling page: 0x0000000001080000

Code Cache  [0x0000000002c30000, 0x0000000002ea0000, 0x0000000005c30000)
 total_blobs=580 nmethods=345 adapters=186 free_code_cache=47760Kb largest_free_block=48868544

Compilation events (10 events):
Event: 2.880 Thread 0x0000000009103000 nmethod 341 0x0000000002d8bd90 code [0x0000000002d8bee0, 0x0000000002d8c118]
Event: 2.880 Thread 0x0000000009103000  342             com.android.dx.rop.code.ThrowingCstInsn::accept (8 bytes)
Event: 2.880 Thread 0x0000000009103000 nmethod 342 0x0000000002d8bb50 code [0x0000000002d8bca0, 0x0000000002d8bd18]
Event: 2.880 Thread 0x0000000009103000  343             com.android.dx.ssa.DeadCodeRemover::run (194 bytes)
Event: 2.887 Thread 0x0000000009101800 nmethod 340 0x0000000002d80c10 code [0x0000000002d80dc0, 0x0000000002d81738]
Event: 2.887 Thread 0x0000000009101800  344             java.util.HashSet::<init> (16 bytes)
Event: 2.889 Thread 0x0000000009101800 nmethod 344 0x0000000002d59090 code [0x0000000002d59200, 0x0000000002d59308]
Event: 2.889 Thread 0x0000000009101800  345             com.android.dx.ssa.SsaRenamer::setNameForSsaReg (54 bytes)
Event: 2.894 Thread 0x0000000009101800 nmethod 345 0x0000000002d598d0 code [0x0000000002d59a40, 0x0000000002d59d18]
Event: 2.894 Thread 0x0000000009101800  346             com.android.dx.ssa.DeadCodeRemover::isCircularNoSideEffect (140 bytes)

GC Heap History (2 events):
Event: 1.906 GC heap before
{Heap before GC invocations=1 (full 0):
 PSYoungGen      total 37696K, used 32320K [0x00000000eaab0000, 0x00000000ed4c0000, 0x0000000100000000)
  eden space 32320K, 100% used [0x00000000eaab0000,0x00000000eca40000,0x00000000eca40000)
  from space 5376K, 0% used [0x00000000ecf80000,0x00000000ecf80000,0x00000000ed4c0000)
  to   space 5376K, 0% used [0x00000000eca40000,0x00000000eca40000,0x00000000ecf80000)
 ParOldGen       total 86144K, used 0K [0x00000000c0000000, 0x00000000c5420000, 0x00000000eaab0000)
  object space 86144K, 0% used [0x00000000c0000000,0x00000000c0000000,0x00000000c5420000)
 PSPermGen       total 21248K, used 5904K [0x00000000bae00000, 0x00000000bc2c0000, 0x00000000c0000000)
  object space 21248K, 27% used [0x00000000bae00000,0x00000000bb3c4188,0x00000000bc2c0000)
Event: 2.026 GC heap after
Heap after GC invocations=1 (full 0):
 PSYoungGen      total 37696K, used 5369K [0x00000000eaab0000, 0x00000000ef450000, 0x0000000100000000)
  eden space 32320K, 0% used [0x00000000eaab0000,0x00000000eaab0000,0x00000000eca40000)
  from space 5376K, 99% used [0x00000000eca40000,0x00000000ecf7e428,0x00000000ecf80000)
  to   space 5376K, 0% used [0x00000000eef10000,0x00000000eef10000,0x00000000ef450000)
 ParOldGen       total 86144K, used 1869K [0x00000000c0000000, 0x00000000c5420000, 0x00000000eaab0000)
  object space 86144K, 2% used [0x00000000c0000000,0x00000000c01d3768,0x00000000c5420000)
 PSPermGen       total 21248K, used 5904K [0x00000000bae00000, 0x00000000bc2c0000, 0x00000000c0000000)
  object space 21248K, 27% used [0x00000000bae00000,0x00000000bb3c4188,0x00000000bc2c0000)
}

Deoptimization events (10 events):
Event: 1.178 Thread 0x0000000002b30800 Uncommon trap -34 fr.pc 0x0000000002ca55ac
Event: 1.179 Thread 0x0000000002b30800 Uncommon trap -34 fr.pc 0x0000000002ca55ac
Event: 1.181 Thread 0x0000000002b30800 Uncommon trap -34 fr.pc 0x0000000002ca55ac
Event: 1.245 Thread 0x000000000aceb000 Uncommon trap -83 fr.pc 0x0000000002ca3cc4
Event: 1.273 Thread 0x0000000002b30800 Uncommon trap -12 fr.pc 0x0000000002cbb5c4
Event: 1.464 Thread 0x0000000002b30800 Uncommon trap -12 fr.pc 0x0000000002ce3da0
Event: 2.306 Thread 0x000000000aceb000 Uncommon trap -12 fr.pc 0x0000000002ceaf9c
Event: 2.397 Thread 0x000000000acf0800 Uncommon trap -83 fr.pc 0x0000000002d00080
Event: 2.719 Thread 0x000000000ab32800 Uncommon trap -34 fr.pc 0x0000000002d6ac30
Event: 2.719 Thread 0x000000000ab32800 Uncommon trap -34 fr.pc 0x0000000002d6ac30

Internal exceptions (10 events):
Event: 0.877 Thread 0x000000000ab32800 Threw 0x00000000eb2bdf98 at C:\jdk7u2_64p\jdk7u25\hotspot\src\share\vm\prims\jvm.cpp:1235
Event: 0.990 Thread 0x0000000002b30800 Threw 0x00000000eb70e270 at C:\jdk7u2_64p\jdk7u25\hotspot\src\share\vm\prims\jvm.cpp:1235
Event: 1.034 Thread 0x0000000002b30800 Threw 0x00000000eb737c40 at C:\jdk7u2_64p\jdk7u25\hotspot\src\share\vm\prims\jvm.cpp:1235
Event: 1.079 Thread 0x000000000ab32800 Implicit null exception at 0x0000000002ca44a8 to 0x0000000002ca47f9
Event: 1.178 Thread 0x000000000acf0800 Threw 0x00000000ebb4df10 at C:\jdk7u2_64p\jdk7u25\hotspot\src\share\vm\prims\jvm.cpp:1235
Event: 1.220 Thread 0x000000000ac95800 Threw 0x00000000ebd5b630 at C:\jdk7u2_64p\jdk7u25\hotspot\src\share\vm\prims\jvm.cpp:1235
Event: 1.273 Thread 0x0000000002b30800 Implicit null exception at 0x0000000002cbaed7 to 0x0000000002cbb5b9
Event: 1.464 Thread 0x0000000002b30800 Implicit null exception at 0x0000000002ce2c7e to 0x0000000002ce3d71
Event: 2.035 Thread 0x0000000002b30800 Threw 0x00000000eabf5948 at C:\jdk7u2_64p\jdk7u25\hotspot\src\share\vm\prims\jvm.cpp:1235
Event: 2.306 Thread 0x000000000aceb000 Implicit null exception at 0x0000000002ce9ce8 to 0x0000000002ceaf65

Events (10 events):
Event: 2.035 loading class 0x00000000091665c0
Event: 2.035 loading class 0x00000000091665c0 done
Event: 2.306 Thread 0x000000000aceb000 DEOPT PACKING pc=0x0000000002ceaf9c sp=0x000000000b2eed60
Event: 2.306 Thread 0x000000000aceb000 DEOPT UNPACKING pc=0x0000000002c69164 sp=0x000000000b2eeaf8 mode 2
Event: 2.397 Thread 0x000000000acf0800 DEOPT PACKING pc=0x0000000002d00080 sp=0x000000000afeec90
Event: 2.397 Thread 0x000000000acf0800 DEOPT UNPACKING pc=0x0000000002c69164 sp=0x000000000afeec00 mode 2
Event: 2.719 Thread 0x000000000ab32800 DEOPT PACKING pc=0x0000000002d6ac30 sp=0x000000000b1ee5e0
Event: 2.719 Thread 0x000000000ab32800 DEOPT UNPACKING pc=0x0000000002c69164 sp=0x000000000b1ee578 mode 2
Event: 2.719 Thread 0x000000000ab32800 DEOPT PACKING pc=0x0000000002d6ac30 sp=0x000000000b1ee6a0
Event: 2.719 Thread 0x000000000ab32800 DEOPT UNPACKING pc=0x0000000002c69164 sp=0x000000000b1ee620 mode 2


Dynamic libraries:
0x00007ff669920000 - 0x00007ff669953000 	C:\Program Files\Java\jdk1.7.0_25\bin\java.exe
0x00007ffe201b0000 - 0x00007ffe2035c000 	C:\WINDOWS\SYSTEM32\ntdll.dll
0x00007ffe1fb60000 - 0x00007ffe1fc9e000 	C:\WINDOWS\system32\KERNEL32.DLL
0x00007ffe1d660000 - 0x00007ffe1d775000 	C:\WINDOWS\system32\KERNELBASE.dll
0x00007ffe1bea0000 - 0x00007ffe1bf2e000 	C:\WINDOWS\system32\apphelp.dll
0x00007ffe0d250000 - 0x00007ffe0d2a3000 	C:\WINDOWS\AppPatch\AppPatch64\AcGenral.DLL
0x00007ffe1d9b0000 - 0x00007ffe1da5a000 	C:\WINDOWS\system32\msvcrt.dll
0x00007ffe1d0d0000 - 0x00007ffe1d0fe000 	C:\WINDOWS\SYSTEM32\SspiCli.dll
0x00007ffe1d830000 - 0x00007ffe1d884000 	C:\WINDOWS\system32\SHLWAPI.dll
0x00007ffe1fca0000 - 0x00007ffe1fe17000 	C:\WINDOWS\system32\USER32.dll
0x00007ffe1f700000 - 0x00007ffe1f894000 	C:\WINDOWS\system32\ole32.dll
0x00007ffe1dbc0000 - 0x00007ffe1f0eb000 	C:\WINDOWS\system32\SHELL32.dll
0x00007ffe1c8a0000 - 0x00007ffe1c8c1000 	C:\WINDOWS\SYSTEM32\USERENV.dll
0x00007ffe1fab0000 - 0x00007ffe1fb5a000 	C:\WINDOWS\system32\ADVAPI32.dll
0x00007ffe0f110000 - 0x00007ffe0f12e000 	C:\WINDOWS\SYSTEM32\MPR.dll
0x00007ffe1fe20000 - 0x00007ffe1ff61000 	C:\WINDOWS\system32\RPCRT4.dll
0x00007ffe1f0f0000 - 0x00007ffe1f149000 	C:\WINDOWS\SYSTEM32\sechost.dll
0x00007ffe1ff70000 - 0x00007ffe20181000 	C:\WINDOWS\SYSTEM32\combase.dll
0x00007ffe1f400000 - 0x00007ffe1f54f000 	C:\WINDOWS\system32\GDI32.dll
0x00007ffe1d300000 - 0x00007ffe1d315000 	C:\WINDOWS\SYSTEM32\profapi.dll
0x00007ffe1b8d0000 - 0x00007ffe1b982000 	C:\WINDOWS\SYSTEM32\SHCORE.dll
0x00007ffe1d890000 - 0x00007ffe1d8c6000 	C:\WINDOWS\system32\IMM32.DLL
0x00007ffe1da60000 - 0x00007ffe1dbb2000 	C:\WINDOWS\system32\MSCTF.dll
0x00007ffe1ae20000 - 0x00007ffe1b09b000 	C:\WINDOWS\WinSxS\amd64_microsoft.windows.common-controls_6595b64144ccf1df_6.0.9600.18006_none_623f33d3ecbe86e8\COMCTL32.dll
0x0000000056680000 - 0x0000000056751000 	C:\Program Files\Java\jdk1.7.0_25\jre\bin\msvcr100.dll
0x0000000056cb0000 - 0x00000000573bf000 	C:\Program Files\Java\jdk1.7.0_25\jre\bin\server\jvm.dll
0x00007ffe1bc80000 - 0x00007ffe1bc89000 	C:\WINDOWS\SYSTEM32\WSOCK32.dll
0x00007ffe17ce0000 - 0x00007ffe17d02000 	C:\WINDOWS\SYSTEM32\WINMM.dll
0x00007ffe1f620000 - 0x00007ffe1f627000 	C:\WINDOWS\system32\PSAPI.DLL
0x00007ffe1f8a0000 - 0x00007ffe1f8fa000 	C:\WINDOWS\system32\WS2_32.dll
0x00007ffe17cb0000 - 0x00007ffe17cda000 	C:\WINDOWS\SYSTEM32\WINMMBASE.dll
0x00007ffe1f610000 - 0x00007ffe1f619000 	C:\WINDOWS\system32\NSI.dll
0x00007ffe1d7e0000 - 0x00007ffe1d82f000 	C:\WINDOWS\SYSTEM32\cfgmgr32.dll
0x00007ffe1c120000 - 0x00007ffe1c148000 	C:\WINDOWS\SYSTEM32\DEVOBJ.dll
0x0000000056ca0000 - 0x0000000056caf000 	C:\Program Files\Java\jdk1.7.0_25\jre\bin\verify.dll
0x0000000056c70000 - 0x0000000056c98000 	C:\Program Files\Java\jdk1.7.0_25\jre\bin\java.dll
0x0000000056c50000 - 0x0000000056c65000 	C:\Program Files\Java\jdk1.7.0_25\jre\bin\zip.dll
0x0000000056c30000 - 0x0000000056c49000 	C:\Program Files\Java\jdk1.7.0_25\jre\bin\net.dll
0x00007ffe1cb10000 - 0x00007ffe1cb69000 	C:\WINDOWS\system32\mswsock.dll
0x0000000056c10000 - 0x0000000056c21000 	C:\Program Files\Java\jdk1.7.0_25\jre\bin\nio.dll

VM Arguments:
jvm_args: -Djava.awt.headless=true -Xmx1024M -Dfile.encoding=windows-1252 -Duser.country=US -Duser.language=en -Duser.variant 
java_command: com.android.dx.command.Main --dex --num-threads=4 --output F:\SyncFolder\SparenParts\SparenParts\app\build\intermediates\pre-dexed\debug\com.android.support-appcompat-v7-23.0.1_a0154ed7eef8fe57314e40a057aa32776e53ee7b.jar F:\SyncFolder\SparenParts\SparenParts\app\build\intermediates\exploded-aar\com.android.support\appcompat-v7\23.0.1\jars\classes.jar
Launcher Type: SUN_STANDARD

Environment Variables:
PATH=C:\Program Files (x86)\AMD APP\bin\x86_64;C:\Program Files (x86)\AMD APP\bin\x86;c:\Software\octave3.6.4\bin;C:\Program Files (x86)\Qucs\bin;C:\WinAVR-20100110\bin;C:\WinAVR-20100110\utils\bin;C:\WINDOWS\system32;C:\WINDOWS;C:\WINDOWS\System32\Wbem;C:\WINDOWS\System32\WindowsPowerShell\v1.0\;C:\Program Files (x86)\ATI Technologies\ATI.ACE\Core-Static;C:\Program Files (x86)\Common Files\Autodesk Shared\;C:\Program Files (x86)\Windows Kits\8.1\Windows Performance Toolkit\;C:\Program Files\Microsoft SQL Server\110\Tools\Binn\;C:\Program Files (x86)\Microsoft SDKs\TypeScript\1.0\;C:\Program Files\Microsoft SQL Server\120\Tools\Binn\;C:\Program Files\MATLAB\R2014a\runtime\win64;C:\Program Files\MATLAB\R2014a\bin;C:\Program Files\MATLAB\R2014a\polyspace\bin;C:\Program Files (x86)\mingw32\bin;c:\iverilog\bin;c:\iverilog\gtkwave\bin;C:\Program Files\MATLAB\MATLAB Compiler Runtime\v83\runtime\win64;C:\Program Files (x86)\Microsoft ASP.NET\ASP.NET Web Pages\v1.0\;C:\opencv\build\x64\x64\vc11\bin;\C:\ffmpeg\bin;C:\Program Files\Microsoft SDKs\Windows\v6.0A\Lib\x64 ;C:\Program Files (x86)\Skype\Phone\
USERNAME=Loknath Shankar
OS=Windows_NT
PROCESSOR_IDENTIFIER=Intel64 Family 6 Model 58 Stepping 9, GenuineIntel



---------------  S Y S T E M  ---------------

OS: Windows 8 , 64 bit Build 9200 

CPU:total 4 (2 cores per cpu, 2 threads per core) family 6 model 58 stepping 9, cmov, cx8, fxsr, mmx, sse, sse2, sse3, ssse3, sse4.1, sse4.2, popcnt, avx, ht, tsc, tscinvbit, tscinv

Memory: 4k page, physical 8267032k(1677220k free), swap 9291032k(7960k free)

vm_info: Java HotSpot(TM) 64-Bit Server VM (23.25-b01) for windows-amd64 JRE (1.7.0_25-b17), built on Jun 21 2013 12:58:32 by "java_re" with unknown MS VC++:1600

time: Sun Feb 28 20:46:18 2016
elapsed time: 3 seconds

